2024-03-18 11:39:13,674 - automationLogger - INFO - Starting login process
2024-03-18 11:39:16,288 - automationLogger - INFO - Validating login success
2024-03-18 11:39:16,292 - automationLogger - INFO - login successful
2024-03-18 11:44:48,180 - automationLogger - INFO - Starting login process
2024-03-18 11:44:50,788 - automationLogger - INFO - Validating login success
2024-03-18 11:44:50,805 - automationLogger - INFO - login successful
2024-03-18 11:44:51,261 - automationLogger - INFO - Searching for Asta Parking
2024-03-18 11:44:52,171 - automationLogger - INFO - starting process to find Asta Parking in table
2024-03-18 11:44:53,380 - automationLogger - INFO - Asta Parking found in table
2024-03-18 11:44:53,380 - automationLogger - INFO - clearing search bar
2024-03-18 11:44:53,468 - automationLogger - INFO - starting process to find Asta Parking in table
2024-03-18 11:44:53,480 - automationLogger - INFO - Asta Parking found in table
2024-03-18 11:44:53,530 - automationLogger - INFO - found url for: Asta Parking, https://admin.tez.io/workspaces/65d2b49658521dc38ff75a65
2024-03-18 11:44:53,545 - automationLogger - INFO - found url for: Asta Parking, https://admin.tez.io/workspaces/65d2b49658521dc38ff75a65
2024-03-18 11:44:53,545 - automationLogger - INFO - Creating workspace for AMS TEST2
2024-03-18 11:44:54,471 - automationLogger - INFO - Created workspace for AMS TEST2
2024-03-18 11:44:54,471 - automationLogger - INFO - Validating workspace for AMS TEST2 exists
2024-03-18 11:44:54,471 - automationLogger - INFO - clearing search bar
2024-03-18 11:49:18,456 - automationLogger - INFO - Starting login process
2024-03-18 11:49:21,066 - automationLogger - INFO - Validating login success
2024-03-18 11:49:21,080 - automationLogger - INFO - login successful
2024-03-18 11:49:21,510 - automationLogger - INFO - Searching for Asta Parking
2024-03-18 11:50:42,960 - automationLogger - INFO - Starting login process
2024-03-18 11:50:45,576 - automationLogger - INFO - Validating login success
2024-03-18 11:50:45,580 - automationLogger - INFO - login successful
2024-03-18 11:50:45,804 - automationLogger - INFO - Searching for Asta Parking
2024-03-18 11:50:46,842 - automationLogger - INFO - starting process to find Asta Parking in table
2024-03-18 11:50:47,998 - automationLogger - INFO - Asta Parking found in table
2024-03-18 11:50:47,999 - automationLogger - INFO - clearing search bar
2024-03-18 11:50:48,098 - automationLogger - INFO - starting process to find Asta Parking in table
2024-03-18 11:50:48,112 - automationLogger - INFO - Asta Parking found in table
2024-03-18 11:50:48,155 - automationLogger - INFO - found url for: Asta Parking, https://admin.tez.io/workspaces/65d2b49658521dc38ff75a65
2024-03-18 11:50:48,178 - automationLogger - INFO - found url for: Asta Parking, https://admin.tez.io/workspaces/65d2b49658521dc38ff75a65
2024-03-18 11:50:48,178 - automationLogger - INFO - Creating workspace for AMS TEST2
2024-03-18 11:50:48,651 - automationLogger - INFO - Created workspace for AMS TEST2
2024-03-18 11:50:48,651 - automationLogger - INFO - Validating workspace for AMS TEST2 exists
2024-03-18 11:50:48,651 - automationLogger - INFO - clearing search bar
2024-03-18 11:52:12,665 - automationLogger - INFO - Starting login process
2024-03-18 11:52:15,285 - automationLogger - INFO - Validating login success
2024-03-18 11:52:15,290 - automationLogger - INFO - login successful
2024-03-18 11:52:15,842 - automationLogger - INFO - Searching for Asta Parking
2024-03-18 11:52:17,427 - automationLogger - INFO - starting process to find Asta Parking in table
2024-03-18 11:52:18,627 - automationLogger - INFO - Asta Parking found in table
2024-03-18 11:52:18,627 - automationLogger - INFO - clearing search bar
2024-03-18 11:52:18,704 - automationLogger - INFO - starting process to find Asta Parking in table
2024-03-18 11:52:18,704 - automationLogger - INFO - Asta Parking found in table
2024-03-18 11:52:18,743 - automationLogger - INFO - found url for: Asta Parking, https://admin.tez.io/workspaces/65d2b49658521dc38ff75a65
2024-03-18 11:52:18,768 - automationLogger - INFO - found url for: Asta Parking, https://admin.tez.io/workspaces/65d2b49658521dc38ff75a65
2024-03-18 11:52:18,768 - automationLogger - INFO - Creating workspace for AMS TEST2
2024-03-18 11:52:20,696 - automationLogger - INFO - Created workspace for AMS TEST2
2024-03-18 11:52:20,696 - automationLogger - INFO - Validating workspace for AMS TEST2 exists
2024-03-18 11:52:20,697 - automationLogger - INFO - clearing search bar
2024-03-18 11:59:58,226 - automationLogger - INFO - Starting login process
2024-03-18 12:00:00,832 - automationLogger - INFO - Validating login success
2024-03-18 12:00:00,837 - automationLogger - INFO - login successful
2024-03-18 12:00:01,103 - automationLogger - INFO - Searching for Asta Parking
2024-03-18 12:00:01,984 - automationLogger - INFO - clearing search bar
2024-03-18 12:01:01,012 - automationLogger - INFO - Starting login process
2024-03-18 12:01:03,618 - automationLogger - INFO - Validating login success
2024-03-18 12:01:03,635 - automationLogger - INFO - login successful
2024-03-18 12:01:03,878 - automationLogger - INFO - Searching for Asta Parking
2024-03-18 12:01:04,690 - automationLogger - INFO - starting process to find Asta Parking in table
2024-03-18 12:01:05,764 - automationLogger - INFO - Asta Parking found in table
2024-03-18 12:01:05,764 - automationLogger - INFO - clearing search bar
2024-03-18 12:01:05,844 - automationLogger - INFO - starting process to find Asta Parking in table
2024-03-18 12:01:05,859 - automationLogger - INFO - Asta Parking found in table
2024-03-18 12:01:05,885 - automationLogger - INFO - found url for: Asta Parking, https://admin.tez.io/workspaces/65d2b49658521dc38ff75a65
2024-03-18 12:01:05,912 - automationLogger - INFO - found url for: Asta Parking, https://admin.tez.io/workspaces/65d2b49658521dc38ff75a65
2024-03-18 12:01:05,913 - automationLogger - INFO - Creating workspace for AMS TEST2
2024-03-18 12:01:06,875 - automationLogger - INFO - Created workspace for AMS TEST2
2024-03-18 12:01:06,875 - automationLogger - INFO - Validating workspace for AMS TEST2 exists
2024-03-18 12:01:06,875 - automationLogger - INFO - Searching for AMS TEST2
2024-03-18 12:23:22,212 - automationLogger - INFO - Starting login process
2024-03-18 12:23:24,811 - automationLogger - INFO - Validating login success
2024-03-18 12:23:24,829 - automationLogger - INFO - login successful
2024-03-18 12:23:25,338 - automationLogger - INFO - Searching for Asta Parking
2024-03-18 12:27:08,185 - automationLogger - INFO - Starting login process
2024-03-18 12:27:10,790 - automationLogger - INFO - Validating login success
2024-03-18 12:27:10,800 - automationLogger - INFO - login successful
2024-03-18 12:27:11,048 - automationLogger - INFO - Searching for Asta Parking
2024-03-18 12:30:42,119 - automationLogger - INFO - Starting login process
2024-03-18 12:31:27,740 - automationLogger - INFO - Starting login process
2024-03-18 12:31:30,356 - automationLogger - INFO - Validating login success
2024-03-18 12:31:30,358 - automationLogger - INFO - login successful
2024-03-18 12:31:30,476 - automationLogger - INFO - Searching for Asta Parking
2024-03-18 12:33:39,583 - automationLogger - INFO - Starting login process
2024-03-18 12:33:42,207 - automationLogger - INFO - Validating login success
2024-03-18 12:33:42,211 - automationLogger - INFO - login successful
2024-03-18 12:33:42,324 - automationLogger - INFO - Searching for Asta Parking
2024-03-18 12:38:55,720 - automationLogger - INFO - Starting login process
2024-03-18 12:38:58,319 - automationLogger - INFO - Validating login success
2024-03-18 12:38:58,319 - automationLogger - INFO - login successful
2024-03-18 12:38:58,440 - automationLogger - INFO - Searching for Asta Parking
2024-03-18 12:39:44,281 - automationLogger - INFO - Starting login process
2024-03-18 12:39:46,902 - automationLogger - INFO - Validating login success
2024-03-18 12:39:46,904 - automationLogger - INFO - login successful
2024-03-18 12:39:46,904 - automationLogger - INFO - Searching for Asta Parking
2024-03-18 12:39:48,773 - automationLogger - INFO - starting process to find Asta Parking in table
2024-03-18 12:39:48,801 - automationLogger - INFO - Asta Parking found in table
2024-03-18 12:39:48,801 - automationLogger - INFO - clearing search bar
2024-03-18 12:39:48,938 - automationLogger - INFO - starting process to find Asta Parking in table
2024-03-18 12:39:48,950 - automationLogger - INFO - Asta Parking found in table
2024-03-18 12:39:49,022 - automationLogger - INFO - found url for: Asta Parking, https://admin.tez.io/workspaces/65d2b49658521dc38ff75a65
2024-03-18 12:39:49,057 - automationLogger - INFO - found url for: Asta Parking, https://admin.tez.io/workspaces/65d2b49658521dc38ff75a65
2024-03-18 12:39:49,057 - automationLogger - INFO - Creating workspace for AMS TEST2
2024-03-18 12:39:50,244 - automationLogger - INFO - Created workspace for AMS TEST2
2024-03-18 12:39:50,244 - automationLogger - INFO - Validating workspace for AMS TEST2 exists
2024-03-18 12:39:50,244 - automationLogger - INFO - Searching for AMS TEST2
2024-03-18 12:39:51,083 - automationLogger - INFO - starting process to find AMS TEST2 in table
2024-03-18 12:39:51,095 - automationLogger - INFO - AMS TEST2 found in table
2024-03-18 12:39:51,147 - automationLogger - INFO - found url for: AMS TEST2, https://admin.tez.io/workspaces/65f8735358521dc38f000db9
2024-03-18 12:51:53,502 - automationLogger - INFO - Starting login process
2024-03-18 12:51:56,121 - automationLogger - INFO - Validating login success
2024-03-18 12:51:56,126 - automationLogger - INFO - unable to login
2024-03-18 12:51:56,126 - automationLogger - INFO - Navigating to https://admin.tez.io/workspaces/65d82c9058521dc38ff91d35?tab=Pages
2024-03-18 12:52:11,902 - automationLogger - ERROR - no elements in table
2024-03-18 12:53:33,138 - automationLogger - INFO - Starting login process
2024-03-18 12:53:35,744 - automationLogger - INFO - Validating login success
2024-03-18 12:53:35,749 - automationLogger - INFO - login successful
2024-03-18 12:53:35,749 - automationLogger - INFO - Navigating to https://admin.tez.io/workspaces/65d82c9058521dc38ff91d35?tab=Pages
2024-03-18 12:55:51,961 - automationLogger - INFO - Starting login process
2024-03-18 12:55:54,598 - automationLogger - INFO - Validating login success
2024-03-18 12:55:54,604 - automationLogger - INFO - login successful
2024-03-18 12:55:54,604 - automationLogger - INFO - Navigating to https://admin.tez.io/workspaces/65d82c9058521dc38ff91d35?tab=Pages
2024-03-18 12:55:56,474 - automationLogger - INFO - Searching for page: SMS Valet
2024-03-18 12:55:56,571 - automationLogger - INFO - starting process to find SMS Valet in table
2024-03-18 12:55:56,594 - automationLogger - INFO - SMS Valet found in table
2024-03-18 12:59:23,186 - automationLogger - INFO - Starting login process
2024-03-18 12:59:25,799 - automationLogger - INFO - Validating login success
2024-03-18 12:59:25,804 - automationLogger - INFO - login successful
2024-03-18 12:59:25,804 - automationLogger - INFO - Navigating to https://admin.tez.io/workspaces/65d82c9058521dc38ff91d35?tab=Pages
2024-03-18 12:59:27,632 - automationLogger - INFO - Searching for page: SMS Valet
2024-03-18 12:59:27,707 - automationLogger - INFO - starting process to find SMS Valet in table
2024-03-18 12:59:27,724 - automationLogger - INFO - SMS Valet found in table
2024-03-18 12:59:28,076 - automationLogger - INFO - Reading table for all pages
2024-03-18 12:59:28,124 - automationLogger - INFO - Workspace has 1 pages assigned to it
2024-03-18 12:59:28,124 - automationLogger - INFO - Current pages are: ['SMS Valet']
2024-03-18 13:01:32,613 - automationLogger - INFO - Starting login process
2024-03-18 13:01:35,223 - automationLogger - INFO - Validating login success
2024-03-18 13:01:35,228 - automationLogger - INFO - login successful
2024-03-18 13:01:35,229 - automationLogger - INFO - Navigating to https://admin.tez.io/workspaces/65d82c9058521dc38ff91d35?tab=Pages
2024-03-18 13:01:37,042 - automationLogger - INFO - Searching for page: SMS Valet
2024-03-18 13:01:37,137 - automationLogger - INFO - starting process to find SMS Valet in table
2024-03-18 13:01:37,146 - automationLogger - INFO - SMS Valet found in table
2024-03-18 13:01:37,146 - automationLogger - INFO - clearing search input
2024-03-18 13:01:37,503 - automationLogger - INFO - Reading table for all pages
2024-03-18 13:01:37,546 - automationLogger - INFO - Workspace has 1 pages assigned to it
2024-03-18 13:01:37,546 - automationLogger - INFO - Current pages are: ['SMS Valet']
2024-03-18 13:09:34,163 - automationLogger - INFO - Starting login process
2024-03-18 13:09:36,779 - automationLogger - INFO - Validating login success
2024-03-18 13:09:36,784 - automationLogger - INFO - login successful
2024-03-18 13:09:36,784 - automationLogger - INFO - Navigating to https://admin.tez.io/workspaces/65d82c9058521dc38ff91d35?tab=Pages
2024-03-18 13:09:38,213 - automationLogger - INFO - Searching for page: SMS Valet
2024-03-18 13:09:38,295 - automationLogger - INFO - starting process to find SMS Valet in table
2024-03-18 13:09:38,574 - automationLogger - INFO - SMS Valet found in table
2024-03-18 13:09:38,574 - automationLogger - INFO - clearing search input
2024-03-18 13:09:38,666 - automationLogger - INFO - Reading table for all pages
2024-03-18 13:09:38,707 - automationLogger - ERROR - Error occurred while extracting text from 'name' column in table: Message: stale element reference: stale element not found
  (Session info: chrome=122.0.6261.129); For documentation on this error, please visit: https://www.selenium.dev/documentation/webdriver/troubleshooting/errors#stale-element-reference-exception
Stacktrace:
	GetHandleVerifier [0x00007FF75C50AD02+56930]
	(No symbol) [0x00007FF75C47F602]
	(No symbol) [0x00007FF75C3342E5]
	(No symbol) [0x00007FF75C339261]
	(No symbol) [0x00007FF75C33B6EB]
	(No symbol) [0x00007FF75C33B7B0]
	(No symbol) [0x00007FF75C374D9B]
	(No symbol) [0x00007FF75C39BC9A]
	(No symbol) [0x00007FF75C36F09A]
	(No symbol) [0x00007FF75C39BEB0]
	(No symbol) [0x00007FF75C3B81E2]
	(No symbol) [0x00007FF75C39BA43]
	(No symbol) [0x00007FF75C36D438]
	(No symbol) [0x00007FF75C36E4D1]
	GetHandleVerifier [0x00007FF75C886F8D+3711213]
	GetHandleVerifier [0x00007FF75C8E04CD+4077101]
	GetHandleVerifier [0x00007FF75C8D865F+4044735]
	GetHandleVerifier [0x00007FF75C5A9736+706710]
	(No symbol) [0x00007FF75C48B8DF]
	(No symbol) [0x00007FF75C486AC4]
	(No symbol) [0x00007FF75C486C1C]
	(No symbol) [0x00007FF75C4768D4]
	BaseThreadInitThunk [0x00007FF9F835257D+29]
	RtlUserThreadStart [0x00007FF9F9C6AA58+40]

2024-03-18 13:18:01,680 - automationLogger - INFO - Starting login process
2024-03-18 13:18:04,295 - automationLogger - INFO - Validating login success
2024-03-18 13:18:04,311 - automationLogger - INFO - login successful
2024-03-18 13:18:04,311 - automationLogger - INFO - Navigating to https://admin.tez.io/workspaces/65d82c9058521dc38ff91d35?tab=Pages
2024-03-18 13:18:06,030 - automationLogger - INFO - Searching for page: SMS Valet
2024-03-18 13:18:06,166 - automationLogger - INFO - starting process to find SMS Valet in table
2024-03-18 13:18:06,176 - automationLogger - INFO - SMS Valet found in table
2024-03-18 13:18:06,176 - automationLogger - INFO - clearing search input
2024-03-18 13:18:06,696 - automationLogger - INFO - Reading table for all pages
2024-03-18 13:18:06,917 - automationLogger - INFO - Workspace has 10 pages assigned to it
2024-03-18 13:18:06,917 - automationLogger - INFO - Current pages are: ['BYOMA Transactions by Card Type', 'Company Performance', 'Location Revenue by Payment Type', 'SMS Valet', 'SMS Valet Daily Operations', 'Text2Park', 'TEZ Home', 'TEZPAY Deposit Report', 'TEZPAY Transaction Detail Report', 'TEZPAY Transactions by Card Type']
2024-03-18 13:37:11,112 - automationLogger - INFO - Starting login process
2024-03-18 13:37:13,727 - automationLogger - INFO - Validating login success
2024-03-18 13:37:13,732 - automationLogger - INFO - login successful
2024-03-18 13:37:13,732 - automationLogger - INFO - Navigating to https://admin.tez.io/workspaces/65d82c9058521dc38ff91d35?tab=Users
2024-03-18 13:37:15,550 - automationLogger - INFO - Searching for page: Anessia Mejia-Santillana
2024-03-18 13:37:15,652 - automationLogger - INFO - starting process to find Anessia Mejia-Santillana in table
2024-03-18 13:37:15,665 - automationLogger - INFO - Anessia Mejia-Santillana found in table
2024-03-18 13:37:15,739 - automationLogger - INFO - starting process to find Divisha Eppalapalli in table
2024-03-18 13:37:15,748 - automationLogger - INFO - Divisha Eppalapalli found in table
2024-03-18 13:41:22,788 - automationLogger - INFO - Starting login process
2024-03-18 13:41:25,389 - automationLogger - INFO - Validating login success
2024-03-18 13:41:25,396 - automationLogger - INFO - login successful
2024-03-18 13:41:25,396 - automationLogger - INFO - Navigating to https://admin.tez.io/workspaces/65d82c9058521dc38ff91d35?tab=Users
2024-03-18 13:41:28,262 - automationLogger - INFO - Searching for page: Anessia Mejia-Santillana
2024-03-18 13:41:28,352 - automationLogger - INFO - starting process to find Anessia Mejia-Santillana in table
2024-03-18 13:41:28,352 - automationLogger - INFO - Anessia Mejia-Santillana found in table
2024-03-18 13:41:28,446 - automationLogger - INFO - starting process to find Divisha Eppalapalli in table
2024-03-18 13:41:28,451 - automationLogger - INFO - Divisha Eppalapalli found in table
2024-03-18 13:41:28,451 - automationLogger - INFO - Assigning user process
2024-03-18 13:52:28,371 - automationLogger - INFO - Starting login process
2024-03-18 13:52:30,974 - automationLogger - INFO - Validating login success
2024-03-18 13:52:30,980 - automationLogger - INFO - login successful
2024-03-18 13:52:30,980 - automationLogger - INFO - Navigating to https://admin.tez.io/workspaces/65d82c9058521dc38ff91d35?tab=Users
2024-03-18 13:52:33,531 - automationLogger - INFO - Searching for page: Anessia Mejia-Santillana
2024-03-18 13:52:33,630 - automationLogger - INFO - starting process to find Anessia Mejia-Santillana in table
2024-03-18 13:52:33,631 - automationLogger - INFO - Anessia Mejia-Santillana found in table
2024-03-18 13:52:33,682 - automationLogger - INFO - cleared search
2024-03-18 13:52:33,702 - automationLogger - INFO - starting process to find Divisha Eppalapalli in table
2024-03-18 13:52:33,710 - automationLogger - INFO - Divisha Eppalapalli found in table
2024-03-18 13:52:33,710 - automationLogger - INFO - Assigning user process
2024-03-18 13:52:33,710 - automationLogger - INFO - clicking add user button
2024-03-18 13:52:33,782 - automationLogger - INFO - clicking add existing button
2024-03-18 13:55:49,377 - automationLogger - INFO - Starting login process
2024-03-18 13:55:51,986 - automationLogger - INFO - Validating login success
2024-03-18 13:55:51,986 - automationLogger - INFO - login successful
2024-03-18 13:55:51,986 - automationLogger - INFO - Navigating to https://admin.tez.io/workspaces/65d82c9058521dc38ff91d35?tab=Users
2024-03-18 13:55:54,086 - automationLogger - INFO - Searching for page: Anessia Mejia-Santillana
2024-03-18 13:55:54,205 - automationLogger - INFO - starting process to find Anessia Mejia-Santillana in table
2024-03-18 13:55:54,220 - automationLogger - INFO - Anessia Mejia-Santillana found in table
2024-03-18 13:55:54,287 - automationLogger - INFO - cleared search
2024-03-18 13:55:54,303 - automationLogger - INFO - starting process to find Divisha Eppalapalli in table
2024-03-18 13:55:54,319 - automationLogger - INFO - Divisha Eppalapalli found in table
2024-03-18 13:55:54,319 - automationLogger - INFO - Assigning user process
2024-03-18 13:55:54,319 - automationLogger - INFO - clicking add user button
2024-03-18 13:55:54,406 - automationLogger - INFO - clicking add existing button
2024-03-18 13:59:59,157 - automationLogger - INFO - Starting login process
2024-03-18 14:00:01,795 - automationLogger - INFO - Validating login success
2024-03-18 14:00:01,802 - automationLogger - INFO - login successful
2024-03-18 14:00:01,802 - automationLogger - INFO - Navigating to https://admin.tez.io/workspaces/65d82c9058521dc38ff91d35?tab=Users
2024-03-18 14:00:04,484 - automationLogger - INFO - Searching for page: Anessia Mejia-Santillana
2024-03-18 14:00:04,609 - automationLogger - INFO - starting process to find Anessia Mejia-Santillana in table
2024-03-18 14:00:04,610 - automationLogger - INFO - Anessia Mejia-Santillana found in table
2024-03-18 14:00:04,690 - automationLogger - INFO - cleared search
2024-03-18 14:00:04,695 - automationLogger - INFO - starting process to find Divisha Eppalapalli in table
2024-03-18 14:00:04,706 - automationLogger - INFO - Divisha Eppalapalli found in table
2024-03-18 14:00:04,706 - automationLogger - INFO - Assigning user process
2024-03-18 14:00:04,706 - automationLogger - INFO - clicking add user button
2024-03-18 14:00:04,800 - automationLogger - INFO - clicking add existing button
2024-03-18 14:05:29,152 - automationLogger - INFO - Starting login process
2024-03-18 14:05:31,776 - automationLogger - INFO - Validating login success
2024-03-18 14:05:31,781 - automationLogger - INFO - login successful
2024-03-18 14:05:31,781 - automationLogger - INFO - Navigating to https://admin.tez.io/workspaces/65d82c9058521dc38ff91d35?tab=Users
2024-03-18 14:05:33,647 - automationLogger - INFO - Searching for page: Anessia Mejia-Santillana
2024-03-18 14:05:33,758 - automationLogger - INFO - starting process to find Anessia Mejia-Santillana in table
2024-03-18 14:05:33,771 - automationLogger - INFO - Anessia Mejia-Santillana found in table
2024-03-18 14:05:33,838 - automationLogger - INFO - cleared search
2024-03-18 14:05:33,844 - automationLogger - INFO - starting process to find Divisha Eppalapalli in table
2024-03-18 14:05:33,861 - automationLogger - INFO - Divisha Eppalapalli found in table
2024-03-18 14:05:33,861 - automationLogger - INFO - Assigning user process
2024-03-18 14:05:33,861 - automationLogger - INFO - clicking add user button
2024-03-18 14:05:33,935 - automationLogger - INFO - clicking add existing button
2024-03-18 14:05:33,989 - automationLogger - INFO - clicking search input
2024-03-18 14:05:34,159 - automationLogger - INFO - element not found, retrying search click
2024-03-18 14:05:34,205 - automationLogger - INFO - Searching for user: Craig McCrary in table 
2024-03-18 14:05:41,729 - automationLogger - INFO - Click whitespace
2024-03-18 14:05:41,771 - automationLogger - INFO - clicking submit 
2024-03-18 14:31:00,874 - automationLogger - INFO - Starting login process
2024-03-18 14:31:03,500 - automationLogger - INFO - Validating login success
2024-03-18 14:31:03,513 - automationLogger - INFO - login successful
2024-03-18 14:31:03,513 - automationLogger - INFO - ------------Starting ws_settings test------------
2024-03-18 14:31:03,513 - automationLogger - INFO - Navigating to https://admin.tez.io/workspaces/65d82c9058521dc38ff91d35?tab=Settings
2024-03-18 14:31:33,315 - automationLogger - INFO - Starting login process
2024-03-18 14:31:35,923 - automationLogger - INFO - Validating login success
2024-03-18 14:31:35,927 - automationLogger - INFO - login successful
2024-03-18 14:31:35,927 - automationLogger - INFO - ------------Starting ws_settings test------------
2024-03-18 14:31:35,927 - automationLogger - INFO - Navigating to https://admin.tez.io/workspaces/65d82c9058521dc38ff91d35?tab=Settings
2024-03-18 14:34:06,470 - automationLogger - INFO - Starting login process
2024-03-18 14:34:09,126 - automationLogger - INFO - Validating login success
2024-03-18 14:34:09,133 - automationLogger - INFO - login successful
2024-03-18 14:34:09,133 - automationLogger - INFO - ------------Starting ws_settings test------------
2024-03-18 14:34:09,134 - automationLogger - INFO - Navigating to https://admin.tez.io/workspaces/65d82c9058521dc38ff91d35?tab=Settings
2024-03-18 14:35:44,378 - automationLogger - INFO - Starting login process
2024-03-18 14:35:46,979 - automationLogger - INFO - Validating login success
2024-03-18 14:35:46,986 - automationLogger - INFO - login successful
2024-03-18 14:35:46,986 - automationLogger - INFO - ------------Starting ws_settings test------------
2024-03-18 14:35:46,986 - automationLogger - INFO - Navigating to https://admin.tez.io/workspaces/65d82c9058521dc38ff91d35?tab=Settings
2024-03-18 14:37:28,212 - automationLogger - INFO - Starting login process
2024-03-18 14:37:30,841 - automationLogger - INFO - Validating login success
2024-03-18 14:37:30,841 - automationLogger - INFO - login successful
2024-03-18 14:37:30,841 - automationLogger - INFO - ------------Starting ws_settings test------------
2024-03-18 14:37:30,841 - automationLogger - INFO - Navigating to https://admin.tez.io/workspaces/65d82c9058521dc38ff91d35?tab=Settings
2024-03-18 14:40:30,778 - automationLogger - INFO - Starting login process
2024-03-18 14:40:33,365 - automationLogger - INFO - Validating login success
2024-03-18 14:40:33,376 - automationLogger - INFO - login successful
2024-03-18 14:40:33,376 - automationLogger - INFO - ------------Starting ws_settings test------------
2024-03-18 14:40:33,376 - automationLogger - INFO - Navigating to https://admin.tez.io/workspaces/65d82c9058521dc38ff91d35?tab=Settings
2024-03-18 14:41:44,455 - automationLogger - INFO - Starting login process
2024-03-18 14:41:47,089 - automationLogger - INFO - Validating login success
2024-03-18 14:41:47,103 - automationLogger - INFO - login successful
2024-03-18 14:41:47,103 - automationLogger - INFO - ------------Starting ws_settings test------------
2024-03-18 14:41:47,103 - automationLogger - INFO - Navigating to https://admin.tez.io/workspaces/65d82c9058521dc38ff91d35?tab=Settings
2024-03-18 14:42:22,480 - automationLogger - INFO - Starting login process
2024-03-18 14:42:25,109 - automationLogger - INFO - Validating login success
2024-03-18 14:42:25,116 - automationLogger - INFO - login successful
2024-03-18 14:42:25,116 - automationLogger - INFO - ------------Starting ws_settings test------------
2024-03-18 14:42:25,116 - automationLogger - INFO - Navigating to https://admin.tez.io/workspaces/65d82c9058521dc38ff91d35?tab=Settings
2024-03-18 14:43:19,202 - automationLogger - INFO - Starting login process
2024-03-18 14:43:21,801 - automationLogger - INFO - Validating login success
2024-03-18 14:43:21,801 - automationLogger - INFO - login successful
2024-03-18 14:43:21,801 - automationLogger - INFO - ------------Starting ws_settings test------------
2024-03-18 14:43:21,801 - automationLogger - INFO - Navigating to https://admin.tez.io/workspaces/65d82c9058521dc38ff91d35?tab=Settings
2024-03-18 14:45:11,891 - automationLogger - INFO - Starting login process
2024-03-18 14:45:14,495 - automationLogger - INFO - Validating login success
2024-03-18 14:45:14,501 - automationLogger - INFO - login successful
2024-03-18 14:45:14,501 - automationLogger - INFO - ------------Starting ws_settings test------------
2024-03-18 14:45:14,501 - automationLogger - INFO - Navigating to https://admin.tez.io/workspaces/65d82c9058521dc38ff91d35?tab=Settings
2024-03-18 14:46:26,722 - automationLogger - INFO - Starting login process
2024-03-18 14:46:29,339 - automationLogger - INFO - Validating login success
2024-03-18 14:46:29,346 - automationLogger - INFO - login successful
2024-03-18 14:46:29,346 - automationLogger - INFO - ------------Starting ws_settings test------------
2024-03-18 14:46:29,346 - automationLogger - INFO - Navigating to https://admin.tez.io/workspaces/65d82c9058521dc38ff91d35?tab=Settings
2024-03-18 14:50:40,426 - automationLogger - INFO - Starting login process
2024-03-18 14:50:43,028 - automationLogger - INFO - Validating login success
2024-03-18 14:50:43,028 - automationLogger - INFO - login successful
2024-03-18 14:50:43,028 - automationLogger - INFO - ------------Starting ws_settings test------------
2024-03-18 14:50:43,028 - automationLogger - INFO - Navigating to https://admin.tez.io/workspaces/65d82c9058521dc38ff91d35?tab=Settings
2024-03-18 14:50:45,130 - automationLogger - INFO - new filter space created
2024-03-18 14:50:45,130 - automationLogger - INFO - adding corporation to column name
2024-03-18 14:50:45,230 - automationLogger - INFO - selecting equals to operator
2024-03-18 14:50:45,346 - automationLogger - INFO - setting the parameter to A Test Customer 1
